<?xml version="1.0" encoding="UTF-8"?>
<!-- Generated by org.testng.reporters.JUnitReportReporter -->
<testsuite skipped="0" hostname="HP" name="script.TestDemo" tests="1" failures="0" timestamp="26 Sep 2018 10:05:13 GMT" time="5.634" errors="0">
  <testcase name="testA" time="5.634" classname="script.TestDemo"/>
</testsuite> <!-- script.TestDemo -->
